<?xml version="1.0" encoding="UTF-8"?>
<testng-results ignored="0" total="1" passed="1" failed="0" skipped="0">
  <reporter-output>
  </reporter-output>
  <suite started-at="2026-08-29T23:50:32 BDT" name="Surefire suite" finished-at="2026-08-29T23:51:14 BDT" duration-ms="42386">
    <groups>
      <group name="inspect">
        <method signature="DomInspect.inspectStudentList()[pri:0, instance:tests.DomInspect@48ae9b55]" name="inspectStudentList" class="tests.DomInspect"/>
      </group> <!-- inspect -->
    </groups>
    <test started-at="2026-08-29T23:50:32 BDT" name="Surefire test" finished-at="2026-08-29T23:51:14 BDT" duration-ms="42386">
      <class name="tests.DomInspect">
        <test-method is-config="true" signature="st()[pri:0, instance:tests.DomInspect@48ae9b55]" started-at="2026-08-29T23:50:32 BDT" name="st" finished-at="2026-08-29T23:50:41 BDT" duration-ms="8801" status="PASS">
          <reporter-output>
          </reporter-output>
        </test-method> <!-- st -->
        <test-method signature="inspectStudentList()[pri:0, instance:tests.DomInspect@48ae9b55]" started-at="2026-08-29T23:50:41 BDT" name="inspectStudentList" finished-at="2026-08-29T23:51:14 BDT" duration-ms="33489" status="PASS">
          <reporter-output>
          </reporter-output>
        </test-method> <!-- inspectStudentList -->
      </class> <!-- tests.DomInspect -->
    </test> <!-- Surefire test -->
  </suite> <!-- Surefire suite -->
</testng-results>
