<?xml version="1.0" encoding="UTF-8"?>
<!-- Generated by org.testng.reporters.JUnitXMLReporter -->
<testsuite ignored="2" hostname="LAPTOP-OGB25EE0" failures="0" tests="3" name="Login Module" time="30.853" errors="0" timestamp="2026-08-29T22:17:31 BDT">
  <testcase classname="tests.RoleLoginTest" name="validAdminLogin" time="6.291"/>
  <testcase classname="tests.RoleLoginTest" name="validStudentLogin" time="5.264"/>
  <testcase classname="tests.RoleLoginTest" name="validTeacherLogin" time="4.801"/>
  <testcase classname="tests.LoginTest" name="validAdminLogin" time="0.0">
    <ignored/>
  </testcase> <!-- validAdminLogin -->
  <testcase classname="tests.RoleLoginTest" name="validAccountantLogin" time="0.0">
    <ignored/>
  </testcase> <!-- validAccountantLogin -->
</testsuite> <!-- Login Module -->
